Unity Editor version:    2021.3.14f1 (eee1884e7226)
Branch:                  2021.3/staging
Build type:              Release
Batch mode:              YES
macOS version:           Version 13.6.3 (Build 22G436)
Darwin version:          22.6.0
Architecture:            x86_64
Running under Rosetta:   NO
Available memory:        8192 MB
Using pre-set license
Pro License: YES

COMMAND LINE ARGUMENTS:
/Applications/Unity/Unity.app/Contents/MacOS/Unity
-adb2
-batchMode
-noUpm
-name
AssetImportWorker0
-projectPath
/Users/macbook/GODOT/Dotandbox/DotandBox
-logFile
Logs/AssetImportWorker0.log
-srvPort
63561
Successfully changed project path to: /Users/macbook/GODOT/Dotandbox/DotandBox
/Users/macbook/GODOT/Dotandbox/DotandBox
[UnityMemory] Configuration Parameters - Can be set up in boot.config
    "memorysetup-bucket-allocator-granularity=16"
    "memorysetup-bucket-allocator-bucket-count=8"
    "memorysetup-bucket-allocator-block-size=33554432"
    "memorysetup-bucket-allocator-block-count=8"
    "memorysetup-main-allocator-block-size=16777216"
    "memorysetup-thread-allocator-block-size=16777216"
    "memorysetup-gfx-main-allocator-block-size=16777216"
    "memorysetup-gfx-thread-allocator-block-size=16777216"
    "memorysetup-cache-allocator-block-size=4194304"
    "memorysetup-typetree-allocator-block-size=2097152"
    "memorysetup-profiler-bucket-allocator-granularity=16"
    "memorysetup-profiler-bucket-allocator-bucket-count=8"
    "memorysetup-profiler-bucket-allocator-block-size=33554432"
    "memorysetup-profiler-bucket-allocator-block-count=8"
    "memorysetup-profiler-allocator-block-size=16777216"
    "memorysetup-profiler-editor-allocator-block-size=1048576"
    "memorysetup-temp-allocator-size-main=16777216"
    "memorysetup-job-temp-allocator-block-size=2097152"
    "memorysetup-job-temp-allocator-block-size-background=1048576"
    "memorysetup-job-temp-allocator-reduction-small-platforms=262144"
    "memorysetup-temp-allocator-size-background-worker=32768"
    "memorysetup-temp-allocator-size-job-worker=262144"
    "memorysetup-temp-allocator-size-preload-manager=33554432"
    "memorysetup-temp-allocator-size-nav-mesh-worker=65536"
    "memorysetup-temp-allocator-size-audio-worker=65536"
    "memorysetup-temp-allocator-size-cloud-worker=32768"
    "memorysetup-temp-allocator-size-gi-baking-worker=262144"
    "memorysetup-temp-allocator-size-gfx=262144"
Refreshing native plugins compatible for Editor in 137.65 ms, found 2 plugins.
Preloading 0 native plugins for Editor in 0.00 ms.
Initialize engine version: 2021.3.14f1 (eee1884e7226)
[Subsystems] Discovering subsystems at path /Applications/Unity/Unity.app/Contents/Resources/UnitySubsystems
[Subsystems] Discovering subsystems at path /Users/macbook/GODOT/Dotandbox/DotandBox/Assets
GfxDevice: creating device client; threaded=0; jobified=0
HA270 preferred device: Intel(R) Iris(TM) Plus Graphics 640 (low power)
Metal devices available: 1
0: Intel(R) Iris(TM) Plus Graphics 640 (low power)
Using device Intel(R) Iris(TM) Plus Graphics 640 (low power)
Initializing Metal device caps: Intel(R) Iris(TM) Plus Graphics 640
Initialize mono
Mono path[0] = '/Applications/Unity/Unity.app/Contents/Managed'
Mono path[1] = '/Applications/Unity/Unity.app/Contents/MonoBleedingEdge/lib/mono/unityjit-macos'
Mono config path = '/Applications/Unity/Unity.app/Contents/MonoBleedingEdge/etc'
Using monoOptions --debugger-agent=transport=dt_socket,embedding=1,server=y,suspend=n,address=127.0.0.1:56635
Begin MonoManager ReloadAssembly
Registering precompiled unity dll's ...
Register platform support module: /Applications/Unity/PlaybackEngines/WebGLSupport/UnityEditor.WebGL.Extensions.dll
Register platform support module: /Applications/Unity/Unity.app/Contents/PlaybackEngines/MacStandaloneSupport/UnityEditor.OSXStandalone.Extensions.dll
Register platform support module: /Applications/Unity/PlaybackEngines/AndroidPlayer/UnityEditor.Android.Extensions.dll
Register platform support module: /Applications/Unity/PlaybackEngines/iOSSupport/UnityEditor.iOS.Extensions.dll
Registered in 0.006267 seconds.
[usbmuxd] Start listen thread
[usbmuxd] Listen thread started
[usbmuxd] Send listen message
Native extension for iOS target not found
Native extension for Android target not found
Native extension for OSXStandalone target not found
Native extension for WebGL target not found
Refreshing native plugins compatible for Editor in 107.41 ms, found 2 plugins.
Preloading 0 native plugins for Editor in 0.00 ms.
Mono: successfully reloaded assembly
- Completed reload, in  1.727 seconds
Domain Reload Profiling:
	ReloadAssembly (1727ms)
		BeginReloadAssembly (423ms)
			ExecutionOrderSort (0ms)
			DisableScriptedObjects (0ms)
			BackupInstance (0ms)
			ReleaseScriptingObjects (0ms)
			CreateAndSetChildDomain (1ms)
		EndReloadAssembly (1092ms)
			LoadAssemblies (449ms)
			RebuildTransferFunctionScriptingTraits (0ms)
			SetupTypeCache (259ms)
			ReleaseScriptCaches (0ms)
			RebuildScriptCaches (75ms)
			SetupLoadedEditorAssemblies (629ms)
				LogAssemblyErrors (0ms)
				InitializePlatformSupportModulesInManaged (218ms)
				SetLoadedEditorAssemblies (0ms)
				RefreshPlugins (107ms)
				BeforeProcessingInitializeOnLoad (2ms)
				ProcessInitializeOnLoadAttributes (233ms)
				ProcessInitializeOnLoadMethodAttributes (67ms)
				AfterProcessingInitializeOnLoad (0ms)
				EditorAssembliesLoaded (0ms)
			ExecutionOrderSort2 (0ms)
			AwakeInstancesAfterBackupRestoration (0ms)
Platform modules already initialized, skipping
Registering precompiled user dll's ...
Registered in 0.014779 seconds.
Begin MonoManager ReloadAssembly
Symbol file LoadedFromMemory doesn't match image /Users/macbook/GODOT/Dotandbox/DotandBox/Library/PackageCache/com.unity.visualscripting@1.7.8/Editor/VisualScripting.Core/Dependencies/YamlDotNet/Unity.VisualScripting.YamlDotNet.dll
Symbol file LoadedFromMemory doesn't match image /Users/macbook/GODOT/Dotandbox/DotandBox/Library/PackageCache/com.unity.visualscripting@1.7.8/Editor/VisualScripting.Core/Dependencies/DotNetZip/Unity.VisualScripting.IonicZip.dll
Native extension for iOS target not found
Native extension for Android target not found
Native extension for OSXStandalone target not found
Native extension for WebGL target not found
Refreshing native plugins compatible for Editor in 0.65 ms, found 2 plugins.
Preloading 0 native plugins for Editor in 0.00 ms.
Mono: successfully reloaded assembly
- Completed reload, in  2.113 seconds
Domain Reload Profiling:
	ReloadAssembly (2115ms)
		BeginReloadAssembly (211ms)
			ExecutionOrderSort (0ms)
			DisableScriptedObjects (9ms)
			BackupInstance (0ms)
			ReleaseScriptingObjects (0ms)
			CreateAndSetChildDomain (44ms)
		EndReloadAssembly (1698ms)
			LoadAssemblies (436ms)
			RebuildTransferFunctionScriptingTraits (0ms)
			SetupTypeCache (558ms)
			ReleaseScriptCaches (1ms)
			RebuildScriptCaches (77ms)
			SetupLoadedEditorAssemblies (607ms)
				LogAssemblyErrors (0ms)
				InitializePlatformSupportModulesInManaged (37ms)
				SetLoadedEditorAssemblies (1ms)
				RefreshPlugins (1ms)
				BeforeProcessingInitializeOnLoad (101ms)
				ProcessInitializeOnLoadAttributes (427ms)
				ProcessInitializeOnLoadMethodAttributes (40ms)
				AfterProcessingInitializeOnLoad (2ms)
				EditorAssembliesLoaded (0ms)
			ExecutionOrderSort2 (0ms)
			AwakeInstancesAfterBackupRestoration (5ms)
Platform modules already initialized, skipping
========================================================================
Worker process is ready to serve import requests
Launching external process: /Applications/Unity/Unity.app/Contents/Tools/UnityShaderCompiler
Launched and connected shader compiler UnityShaderCompiler after 0.09 seconds
Refreshing native plugins compatible for Editor in 0.90 ms, found 2 plugins.
Preloading 0 native plugins for Editor in 0.00 ms.
Unloading 3409 Unused Serialized files (Serialized files now loaded: 0)
Unloading 24 unused Assets / (17.4 KB). Loaded Objects now: 3884.
Memory consumption went from 89.4 MB to 89.4 MB.
Total: 4.478749 ms (FindLiveObjects: 0.468068 ms CreateObjectMapping: 0.301517 ms MarkObjects: 3.670868 ms  DeleteObjects: 0.037237 ms)

AssetImportParameters requested are different than current active one (requested -> active):
  custom:video-decoder-ogg-theora: a1e56fd34408186e4bbccfd4996cb3dc -> 
  custom:container-muxer-webm: aa71ff27fc2769a1b78a27578f13a17b -> 
  custom:container-demuxer-webm: 4f35f7cbe854078d1ac9338744f61a02 -> 
  custom:video-encoder-webm-vp8: eb34c28f22e8b96e1ab97ce403110664 -> 
  custom:framework-osx-AVFoundation: e770b220cccbd017edd2c1fefb359320 -> 
  custom:audio-encoder-webm-vorbis: bf7c407c2cedff20999df2af8eb42d56 -> 
  custom:container-demuxer-ogg: 62fdf1f143b41e24485cea50d1cbac27 -> 
  custom:video-decoder-webm-vp8: 9c59270c3fd7afecdb556c50c9e8de78 -> 
  custom:audio-decoder-ogg-vorbis: bf7c407c2cedff20999df2af8eb42d56 -> 
========================================================================
Received Import Request.
  Time since last request: 600623.752040 seconds.
  path: Assets/Images/Group 5.png
  artifactKey: Guid(e80b668a796dc4e19b22551b79652a31) Importer(815301076,1909f56bfc062723c751e8b465ee728b)
Start importing Assets/Images/Group 5.png using Guid(e80b668a796dc4e19b22551b79652a31) Importer(815301076,1909f56bfc062723c751e8b465ee728b)  -> (artifact id: 'a74f688359a50f621a709f8710cd4408') in 0.367390 seconds 
========================================================================
Received Import Request.
  Time since last request: 0.000085 seconds.
  path: Assets/Images/Group 45.png
  artifactKey: Guid(53ef539f73ad6427192ea58a3f524e39) Importer(815301076,1909f56bfc062723c751e8b465ee728b)
Start importing Assets/Images/Group 45.png using Guid(53ef539f73ad6427192ea58a3f524e39) Importer(815301076,1909f56bfc062723c751e8b465ee728b) WARNING: RGBA Compressed ETC2 sRGB format is not supported, decompressing texture
 -> (artifact id: '7dd8dcd9a13cea3f43bfb48b815d1cc7') in 0.068575 seconds 
========================================================================
Received Import Request.
  Time since last request: 0.000068 seconds.
  path: Assets/Images/Rectangle 5.png
  artifactKey: Guid(14c83e6e235e74faaab4b3c1c14a1906) Importer(815301076,1909f56bfc062723c751e8b465ee728b)
Start importing Assets/Images/Rectangle 5.png using Guid(14c83e6e235e74faaab4b3c1c14a1906) Importer(815301076,1909f56bfc062723c751e8b465ee728b)  -> (artifact id: '699b162403edf546b9c97d4eaad9726e') in 0.025333 seconds 
========================================================================
Received Import Request.
  Time since last request: 0.000112 seconds.
  path: Assets/Images/Group 13icon1.png
  artifactKey: Guid(b6d5bc9bd518144bfb0efb5d199b21b2) Importer(815301076,1909f56bfc062723c751e8b465ee728b)
Start importing Assets/Images/Group 13icon1.png using Guid(b6d5bc9bd518144bfb0efb5d199b21b2) Importer(815301076,1909f56bfc062723c751e8b465ee728b) WARNING: RGBA Compressed ETC2 sRGB format is not supported, decompressing texture
 -> (artifact id: '72c8862ed2a5ed6b96faf6e48e6d864e') in 0.019420 seconds 
========================================================================
Received Import Request.
  Time since last request: 0.000510 seconds.
  path: Assets/Images/Group 10icon1.png
  artifactKey: Guid(283cf99e44b994a61a57355b16f4a5cb) Importer(815301076,1909f56bfc062723c751e8b465ee728b)
Start importing Assets/Images/Group 10icon1.png using Guid(283cf99e44b994a61a57355b16f4a5cb) Importer(815301076,1909f56bfc062723c751e8b465ee728b)  -> (artifact id: 'b2e01cb453133f272f229afc94973ab6') in 0.048782 seconds 
========================================================================
Received Import Request.
  Time since last request: 0.000080 seconds.
  path: Assets/Images/Rectangle 6.png
  artifactKey: Guid(e62f3ddaf27cd42549dd8f09d990ed60) Importer(815301076,1909f56bfc062723c751e8b465ee728b)
Start importing Assets/Images/Rectangle 6.png using Guid(e62f3ddaf27cd42549dd8f09d990ed60) Importer(815301076,1909f56bfc062723c751e8b465ee728b)  -> (artifact id: 'b6dff1eb14110ed0ff028663ba6ad58a') in 0.023284 seconds 
========================================================================
Received Import Request.
  Time since last request: 0.000110 seconds.
  path: Assets/Images/Group 9icon1.png
  artifactKey: Guid(fd5704fb09bdf496d84f304f29f9f37c) Importer(815301076,1909f56bfc062723c751e8b465ee728b)
Start importing Assets/Images/Group 9icon1.png using Guid(fd5704fb09bdf496d84f304f29f9f37c) Importer(815301076,1909f56bfc062723c751e8b465ee728b)  -> (artifact id: '20c0e059c68da2cdd897434a03267133') in 0.048540 seconds 
========================================================================
Received Import Request.
  Time since last request: 0.000096 seconds.
  path: Assets/Images/Group 8icon1.png
  artifactKey: Guid(bea36a965d121463e84fc0a5b28f4148) Importer(815301076,1909f56bfc062723c751e8b465ee728b)
Start importing Assets/Images/Group 8icon1.png using Guid(bea36a965d121463e84fc0a5b28f4148) Importer(815301076,1909f56bfc062723c751e8b465ee728b)  -> (artifact id: '1582ff7f9e2693e19051865ae148bcd6') in 0.044313 seconds 
========================================================================
Received Import Request.
  Time since last request: 0.000106 seconds.
  path: Assets/Images/Group 44One-2.png
  artifactKey: Guid(417dde659d5f44376974e797084e01e1) Importer(815301076,1909f56bfc062723c751e8b465ee728b)
Start importing Assets/Images/Group 44One-2.png using Guid(417dde659d5f44376974e797084e01e1) Importer(815301076,1909f56bfc062723c751e8b465ee728b) WARNING: RGBA Compressed ETC2 sRGB format is not supported, decompressing texture
 -> (artifact id: '2ed3f399d366726be3746a588c2c5d11') in 0.036122 seconds 
========================================================================
Received Import Request.
  Time since last request: 0.000105 seconds.
  path: Assets/Images/Group 25.png
  artifactKey: Guid(4f031885594e14db89f833c82911c43a) Importer(815301076,1909f56bfc062723c751e8b465ee728b)
Start importing Assets/Images/Group 25.png using Guid(4f031885594e14db89f833c82911c43a) Importer(815301076,1909f56bfc062723c751e8b465ee728b)  -> (artifact id: '4f9a0922618e58f4d2669182dbc9e040') in 0.338684 seconds 
========================================================================
Received Import Request.
  Time since last request: 0.000118 seconds.
  path: Assets/Images/Group 42.png
  artifactKey: Guid(a2963be903a7d456e9c078e4aa415d4f) Importer(815301076,1909f56bfc062723c751e8b465ee728b)
Start importing Assets/Images/Group 42.png using Guid(a2963be903a7d456e9c078e4aa415d4f) Importer(815301076,1909f56bfc062723c751e8b465ee728b)  -> (artifact id: 'a09fd99056b602dc6c7bac7535d99823') in 0.051678 seconds 
========================================================================
Received Import Request.
  Time since last request: 0.000098 seconds.
  path: Assets/Images/tile_ramp_right.png
  artifactKey: Guid(d514795d98b9f4a5b980a39df6d1ef00) Importer(815301076,1909f56bfc062723c751e8b465ee728b)
Start importing Assets/Images/tile_ramp_right.png using Guid(d514795d98b9f4a5b980a39df6d1ef00) Importer(815301076,1909f56bfc062723c751e8b465ee728b) WARNING: RGBA Compressed ETC2 sRGB format is not supported, decompressing texture
 -> (artifact id: '6ece0bc351b89af7483e74d896d517c6') in 0.052452 seconds 
========================================================================
Received Import Request.
  Time since last request: 0.000084 seconds.
  path: Assets/Images/Circle.png
  artifactKey: Guid(33467e94189824d1bb4099bcc459816f) Importer(815301076,1909f56bfc062723c751e8b465ee728b)
Start importing Assets/Images/Circle.png using Guid(33467e94189824d1bb4099bcc459816f) Importer(815301076,1909f56bfc062723c751e8b465ee728b) WARNING: RGBA Compressed ETC2 sRGB format is not supported, decompressing texture
 -> (artifact id: '29db020f515f5617b69ff74626c8597c') in 0.026555 seconds 
========================================================================
Received Import Request.
  Time since last request: 0.000084 seconds.
  path: Assets/Images/Group 40.png
  artifactKey: Guid(be65f545edb1a48ef9aff7e34b051f44) Importer(815301076,1909f56bfc062723c751e8b465ee728b)
Start importing Assets/Images/Group 40.png using Guid(be65f545edb1a48ef9aff7e34b051f44) Importer(815301076,1909f56bfc062723c751e8b465ee728b) WARNING: RGBA Compressed ETC2 sRGB format is not supported, decompressing texture
 -> (artifact id: 'c29644e02fb14059d57480cd864ad0fb') in 0.046098 seconds 
========================================================================
Received Import Request.
  Time since last request: 0.000090 seconds.
  path: Assets/Images/Group 39.png
  artifactKey: Guid(ccca310c6c2674e7ba7199cf0e34b901) Importer(815301076,1909f56bfc062723c751e8b465ee728b)
Start importing Assets/Images/Group 39.png using Guid(ccca310c6c2674e7ba7199cf0e34b901) Importer(815301076,1909f56bfc062723c751e8b465ee728b)  -> (artifact id: '26aba77aa3b107742f70210b8286516f') in 0.039572 seconds 
========================================================================
Received Import Request.
  Time since last request: 0.000090 seconds.
  path: Assets/Images/Group 6PlayButton.png
  artifactKey: Guid(3f250649307ea431ab6cb725eb667486) Importer(815301076,1909f56bfc062723c751e8b465ee728b)
Start importing Assets/Images/Group 6PlayButton.png using Guid(3f250649307ea431ab6cb725eb667486) Importer(815301076,1909f56bfc062723c751e8b465ee728b)  -> (artifact id: 'bbbb16008660558b46f93fdb6e572ba7') in 0.027546 seconds 
========================================================================
Received Import Request.
  Time since last request: 0.000090 seconds.
  path: Assets/Images/Group 47.png
  artifactKey: Guid(0a67ebdffc8d242b8ba313f61f816ee2) Importer(815301076,1909f56bfc062723c751e8b465ee728b)
Start importing Assets/Images/Group 47.png using Guid(0a67ebdffc8d242b8ba313f61f816ee2) Importer(815301076,1909f56bfc062723c751e8b465ee728b) WARNING: RGBA Compressed ETC2 sRGB format is not supported, decompressing texture
 -> (artifact id: '82309efb20e9fc9b3bf031d653a849ce') in 0.037646 seconds 
========================================================================
Received Import Request.
  Time since last request: 0.000115 seconds.
  path: Assets/Images/Backgrround.jpeg
  artifactKey: Guid(4776b9266e1304bb38f6144902f0f82c) Importer(815301076,1909f56bfc062723c751e8b465ee728b)
Start importing Assets/Images/Backgrround.jpeg using Guid(4776b9266e1304bb38f6144902f0f82c) Importer(815301076,1909f56bfc062723c751e8b465ee728b)  -> (artifact id: '9412968ca4ae28f7c01f988ec4dd4df8') in 0.284542 seconds 
========================================================================
Received Import Request.
  Time since last request: 0.000092 seconds.
  path: Assets/Images/red-icon.png
  artifactKey: Guid(3334c76077bc64aeaaa1d2ee455592f5) Importer(815301076,1909f56bfc062723c751e8b465ee728b)
Start importing Assets/Images/red-icon.png using Guid(3334c76077bc64aeaaa1d2ee455592f5) Importer(815301076,1909f56bfc062723c751e8b465ee728b) WARNING: RGB Compressed ETC2 sRGB format is not supported, decompressing texture
 -> (artifact id: '25edfa304b7a52b687728b360950c7a1') in 0.048220 seconds 
========================================================================
Received Import Request.
  Time since last request: 0.000074 seconds.
  path: Assets/Images/Group 11icon1.png
  artifactKey: Guid(df95145e0dc7247d6b9134392f1daa74) Importer(815301076,1909f56bfc062723c751e8b465ee728b)
Start importing Assets/Images/Group 11icon1.png using Guid(df95145e0dc7247d6b9134392f1daa74) Importer(815301076,1909f56bfc062723c751e8b465ee728b)  -> (artifact id: '0b35d39844507ed5d83b297e288cdb78') in 0.064949 seconds 
========================================================================
Received Import Request.
  Time since last request: 0.000110 seconds.
  path: Assets/Images/tile_center.png
  artifactKey: Guid(7f396dde7fe224f75b7592a4e66d8a97) Importer(815301076,1909f56bfc062723c751e8b465ee728b)
Start importing Assets/Images/tile_center.png using Guid(7f396dde7fe224f75b7592a4e66d8a97) Importer(815301076,1909f56bfc062723c751e8b465ee728b) WARNING: RGBA Compressed ETC2 sRGB format is not supported, decompressing texture
 -> (artifact id: '19be221e8a49721d01f542070186fcc4') in 0.052457 seconds 
========================================================================
Received Import Request.
  Time since last request: 0.000083 seconds.
  path: Assets/Images/iPhone 14 & 15 Pro Max - 5.png
  artifactKey: Guid(b21129667eac04af79a924cab42134cd) Importer(815301076,1909f56bfc062723c751e8b465ee728b)
Start importing Assets/Images/iPhone 14 & 15 Pro Max - 5.png using Guid(b21129667eac04af79a924cab42134cd) Importer(815301076,1909f56bfc062723c751e8b465ee728b)  -> (artifact id: 'c452c6d0254c9dacab4acfd6ac5522ca') in 0.143634 seconds 
========================================================================
Received Import Request.
  Time since last request: 0.000118 seconds.
  path: Assets/Images/Group 46.png
  artifactKey: Guid(19fe3aeef97404369b7733d02b97fe10) Importer(815301076,1909f56bfc062723c751e8b465ee728b)
Start importing Assets/Images/Group 46.png using Guid(19fe3aeef97404369b7733d02b97fe10) Importer(815301076,1909f56bfc062723c751e8b465ee728b) WARNING: RGBA Compressed ETC2 sRGB format is not supported, decompressing texture
 -> (artifact id: 'ff2fd68200d44d5d3452f9664041ad39') in 0.045065 seconds 
========================================================================
Received Import Request.
  Time since last request: 0.000268 seconds.
  path: Assets/Images/Group 12icon1.png
  artifactKey: Guid(c93dc616287b6406284de48f031226f8) Importer(815301076,1909f56bfc062723c751e8b465ee728b)
Start importing Assets/Images/Group 12icon1.png using Guid(c93dc616287b6406284de48f031226f8) Importer(815301076,1909f56bfc062723c751e8b465ee728b)  -> (artifact id: '961dc07fe573973439b66bc4a5cf0f68') in 0.060293 seconds 
========================================================================
Received Import Request.
  Time since last request: 0.000161 seconds.
  path: Assets/Images/blue-icon.png
  artifactKey: Guid(423540f58cf3d4d3d8a7d1f848d7d641) Importer(815301076,1909f56bfc062723c751e8b465ee728b)
Start importing Assets/Images/blue-icon.png using Guid(423540f58cf3d4d3d8a7d1f848d7d641) Importer(815301076,1909f56bfc062723c751e8b465ee728b) WARNING: RGB Compressed ETC2 sRGB format is not supported, decompressing texture
 -> (artifact id: '727e2d8f1b9cbfc7771470118654bc43') in 0.043274 seconds 
========================================================================
Received Import Request.
  Time since last request: 0.000078 seconds.
  path: Assets/Images/Group 13.png
  artifactKey: Guid(2782a2337e2134c87836319b16b800e1) Importer(815301076,1909f56bfc062723c751e8b465ee728b)
Start importing Assets/Images/Group 13.png using Guid(2782a2337e2134c87836319b16b800e1) Importer(815301076,1909f56bfc062723c751e8b465ee728b)  -> (artifact id: '5e862d139112c3e8a62f73fec822ba39') in 0.050212 seconds 
========================================================================
Received Import Request.
  Time since last request: 0.000103 seconds.
  path: Assets/Images/Group 41.png
  artifactKey: Guid(908ef164278324c64b00b0de56efd3e6) Importer(815301076,1909f56bfc062723c751e8b465ee728b)
Start importing Assets/Images/Group 41.png using Guid(908ef164278324c64b00b0de56efd3e6) Importer(815301076,1909f56bfc062723c751e8b465ee728b)  -> (artifact id: 'd3af4d28428d3b2b00e67e14bfcc756a') in 0.041660 seconds 
========================================================================
Received Prepare
Refreshing native plugins compatible for Editor in 14.21 ms, found 2 plugins.
Preloading 0 native plugins for Editor in 0.00 ms.
Unloading 18 Unused Serialized files (Serialized files now loaded: 0)
Unloading 18 unused Assets / (21.9 KB). Loaded Objects now: 3927.
Memory consumption went from 164.7 MB to 164.7 MB.
Total: 4.243481 ms (FindLiveObjects: 0.338444 ms CreateObjectMapping: 0.192160 ms MarkObjects: 3.691643 ms  DeleteObjects: 0.020477 ms)

AssetImportParameters requested are different than current active one (requested -> active):
  graphicsApiMask: 2048 -> 2304
  custom:video-decoder-ogg-theora: a1e56fd34408186e4bbccfd4996cb3dc -> 
  custom:container-muxer-webm: aa71ff27fc2769a1b78a27578f13a17b -> 
  custom:container-demuxer-webm: 4f35f7cbe854078d1ac9338744f61a02 -> 
  custom:video-encoder-webm-vp8: eb34c28f22e8b96e1ab97ce403110664 -> 
  custom:framework-osx-AVFoundation: e770b220cccbd017edd2c1fefb359320 -> 
  custom:audio-encoder-webm-vorbis: bf7c407c2cedff20999df2af8eb42d56 -> 
  custom:container-demuxer-ogg: 62fdf1f143b41e24485cea50d1cbac27 -> 
  custom:video-decoder-webm-vp8: 9c59270c3fd7afecdb556c50c9e8de78 -> 
  custom:audio-decoder-ogg-vorbis: bf7c407c2cedff20999df2af8eb42d56 -> 
========================================================================
Received Prepare
Refreshing native plugins compatible for Editor in 9.66 ms, found 2 plugins.
Preloading 0 native plugins for Editor in 0.00 ms.
Unloading 18 Unused Serialized files (Serialized files now loaded: 0)
Unloading 18 unused Assets / (21.9 KB). Loaded Objects now: 3927.
Memory consumption went from 163.7 MB to 163.7 MB.
Total: 5.186606 ms (FindLiveObjects: 0.352816 ms CreateObjectMapping: 0.304946 ms MarkObjects: 4.501384 ms  DeleteObjects: 0.026451 ms)

AssetImportParameters requested are different than current active one (requested -> active):
  custom:video-decoder-ogg-theora: a1e56fd34408186e4bbccfd4996cb3dc -> 
  custom:container-muxer-webm: aa71ff27fc2769a1b78a27578f13a17b -> 
  custom:container-demuxer-webm: 4f35f7cbe854078d1ac9338744f61a02 -> 
  custom:video-encoder-webm-vp8: eb34c28f22e8b96e1ab97ce403110664 -> 
  custom:framework-osx-AVFoundation: e770b220cccbd017edd2c1fefb359320 -> 
  custom:audio-encoder-webm-vorbis: bf7c407c2cedff20999df2af8eb42d56 -> 
  custom:container-demuxer-ogg: 62fdf1f143b41e24485cea50d1cbac27 -> 
  custom:video-decoder-webm-vp8: 9c59270c3fd7afecdb556c50c9e8de78 -> 
  custom:audio-decoder-ogg-vorbis: bf7c407c2cedff20999df2af8eb42d56 -> 
